<?xml version="1.0" encoding="UTF-8"?>
<!-- Generated by org.testng.reporters.JUnitXMLReporter -->
<testsuite ignored="0" hostname="IN-GMYM2J3" failures="0" tests="3" name="Default test" time="0.07" errors="0" timestamp="2024-10-12T15:17:52 IST">
  <testcase classname="Testpackage.testclass" name="addition" time="0.008"/>
  <testcase classname="Testpackage.testclass" name="multiply" time="0.0"/>
  <testcase classname="Testpackage.testclass" name="subtraction" time="0.005"/>
</testsuite> <!-- Default test -->
