<?xml version="1.0" encoding="UTF-8"?>
<testng-results ignored="0" total="3" passed="3" failed="0" skipped="0">
  <reporter-output>
  </reporter-output>
  <suite started-at="2024-10-12T15:17:52 IST" name="Default suite" finished-at="2024-10-12T15:17:52 IST" duration-ms="70">
    <groups>
    </groups>
    <test started-at="2024-10-12T15:17:52 IST" name="Default test" finished-at="2024-10-12T15:17:52 IST" duration-ms="70">
      <class name="Testpackage.testclass">
        <test-method signature="addition()[pri:0, instance:Testpackage.testclass@506ae4d4]" started-at="2024-10-12T15:17:52 IST" name="addition" finished-at="2024-10-12T15:17:52 IST" duration-ms="8" status="PASS">
          <reporter-output>
          </reporter-output>
        </test-method> <!-- addition -->
        <test-method signature="multiply()[pri:0, instance:Testpackage.testclass@506ae4d4]" started-at="2024-10-12T15:17:52 IST" name="multiply" finished-at="2024-10-12T15:17:52 IST" duration-ms="0" status="PASS">
          <reporter-output>
          </reporter-output>
        </test-method> <!-- multiply -->
        <test-method signature="subtraction()[pri:0, instance:Testpackage.testclass@506ae4d4]" started-at="2024-10-12T15:17:52 IST" name="subtraction" finished-at="2024-10-12T15:17:52 IST" duration-ms="5" status="PASS">
          <reporter-output>
          </reporter-output>
        </test-method> <!-- subtraction -->
      </class> <!-- Testpackage.testclass -->
    </test> <!-- Default test -->
  </suite> <!-- Default suite -->
</testng-results>
